# JRE version: Java(TM) SE Runtime Environment (8.0_111-b14) (build 1.8.0_111-b14)
# Java VM: Java HotSpot(TM) 64-Bit Server VM (25.111-b14 mixed mode bsd-amd64 compressed oops)
Heap:
 PSYoungGen      total 567808K, used 501712K [0x000000066ab00000, 0x00000006c6f00000, 0x00000007c0000000)
  eden space 524288K, 87% used [0x000000066ab00000,0x0000000686a7c178,0x000000068ab00000)
  from space 43520K, 99% used [0x000000068ab00000,0x000000068d578020,0x000000068d580000)
  to   space 231424K, 0% used [0x00000006b8d00000,0x00000006b8d00000,0x00000006c6f00000)
 ParOldGen       total 699392K, used 476068K [0x00000003c0000000, 0x00000003eab00000, 0x000000066ab00000)
  object space 699392K, 68% used [0x00000003c0000000,0x00000003dd0e9020,0x00000003eab00000)
 Metaspace       used 12700K, capacity 12912K, committed 13184K, reserved 1060864K
  class space    used 1549K, capacity 1613K, committed 1664K, reserved 1048576K
GC Heap History (10 events):
Event: 18.078 GC heap before
{Heap before GC invocations=1 (full 0):
 PSYoungGen      total 305664K, used 262144K [0x000000066ab00000, 0x0000000680000000, 0x00000007c0000000)
  eden space 262144K, 100% used [0x000000066ab00000,0x000000067ab00000,0x000000067ab00000)
  from space 43520K, 0% used [0x000000067d580000,0x000000067d580000,0x0000000680000000)
  to   space 43520K, 0% used [0x000000067ab00000,0x000000067ab00000,0x000000067d580000)
 ParOldGen       total 699392K, used 0K [0x00000003c0000000, 0x00000003eab00000, 0x000000066ab00000)
  object space 699392K, 0% used [0x00000003c0000000,0x00000003c0000000,0x00000003eab00000)
 Metaspace       used 12692K, capacity 12848K, committed 13184K, reserved 1060864K
  class space    used 1549K, capacity 1613K, committed 1664K, reserved 1048576K
Event: 18.136 GC heap after
Heap after GC invocations=1 (full 0):
 PSYoungGen      total 305664K, used 43490K [0x000000066ab00000, 0x0000000680000000, 0x00000007c0000000)
  eden space 262144K, 0% used [0x000000066ab00000,0x000000066ab00000,0x000000067ab00000)
  from space 43520K, 99% used [0x000000067ab00000,0x000000067d578818,0x000000067d580000)
  to   space 43520K, 0% used [0x000000067d580000,0x000000067d580000,0x0000000680000000)
 ParOldGen       total 699392K, used 30681K [0x00000003c0000000, 0x00000003eab00000, 0x000000066ab00000)
  object space 699392K, 4% used [0x00000003c0000000,0x00000003c1df6598,0x00000003eab00000)
 Metaspace       used 12692K, capacity 12848K, committed 13184K, reserved 1060864K
  class space    used 1549K, capacity 1613K, committed 1664K, reserved 1048576K
}
Event: 18.384 GC heap before
{Heap before GC invocations=2 (full 0):
 PSYoungGen      total 305664K, used 305634K [0x000000066ab00000, 0x0000000680000000, 0x00000007c0000000)
  eden space 262144K, 100% used [0x000000066ab00000,0x000000067ab00000,0x000000067ab00000)
  from space 43520K, 99% used [0x000000067ab00000,0x000000067d578818,0x000000067d580000)
  to   space 43520K, 0% used [0x000000067d580000,0x000000067d580000,0x0000000680000000)
 ParOldGen       total 699392K, used 30681K [0x00000003c0000000, 0x00000003eab00000, 0x000000066ab00000)
  object space 699392K, 4% used [0x00000003c0000000,0x00000003c1df6598,0x00000003eab00000)
 Metaspace       used 12700K, capacity 12912K, committed 13184K, reserved 1060864K
  class space    used 1549K, capacity 1613K, committed 1664K, reserved 1048576K
Event: 18.491 GC heap after
Heap after GC invocations=2 (full 0):
 PSYoungGen      total 305664K, used 43496K [0x000000066ab00000, 0x0000000690000000, 0x00000007c0000000)
  eden space 262144K, 0% used [0x000000066ab00000,0x000000066ab00000,0x000000067ab00000)
  from space 43520K, 99% used [0x000000067d580000,0x000000067fffa210,0x0000000680000000)
  to   space 43520K, 0% used [0x000000067ab00000,0x000000067ab00000,0x000000067d580000)
 ParOldGen       total 699392K, used 104625K [0x00000003c0000000, 0x00000003eab00000, 0x000000066ab00000)
  object space 699392K, 14% used [0x00000003c0000000,0x00000003c662c598,0x00000003eab00000)
 Metaspace       used 12700K, capacity 12912K, committed 13184K, reserved 1060864K
  class space    used 1549K, capacity 1613K, committed 1664K, reserved 1048576K
}
Event: 18.744 GC heap before
{Heap before GC invocations=3 (full 0):
 PSYoungGen      total 305664K, used 305640K [0x000000066ab00000, 0x0000000690000000, 0x00000007c0000000)
  eden space 262144K, 100% used [0x000000066ab00000,0x000000067ab00000,0x000000067ab00000)
  from space 43520K, 99% used [0x000000067d580000,0x000000067fffa210,0x0000000680000000)
  to   space 43520K, 0% used [0x000000067ab00000,0x000000067ab00000,0x000000067d580000)
 ParOldGen       total 699392K, used 104625K [0x00000003c0000000, 0x00000003eab00000, 0x000000066ab00000)
  object space 699392K, 14% used [0x00000003c0000000,0x00000003c662c598,0x00000003eab00000)
 Metaspace       used 12700K, capacity 12912K, committed 13184K, reserved 1060864K
  class space    used 1549K, capacity 1613K, committed 1664K, reserved 1048576K
Event: 18.865 GC heap after
Heap after GC invocations=3 (full 0):
 PSYoungGen      total 305664K, used 43492K [0x000000066ab00000, 0x0000000690000000, 0x00000007c0000000)
  eden space 262144K, 0% used [0x000000066ab00000,0x000000066ab00000,0x000000067ab00000)
  from space 43520K, 99% used [0x000000067ab00000,0x000000067d579310,0x000000067d580000)
  to   space 43520K, 0% used [0x000000068d580000,0x000000068d580000,0x0000000690000000)
 ParOldGen       total 699392K, used 199961K [0x00000003c0000000, 0x00000003eab00000, 0x000000066ab00000)
  object space 699392K, 28% used [0x00000003c0000000,0x00000003cc346598,0x00000003eab00000)
 Metaspace       used 12700K, capacity 12912K, committed 13184K, reserved 1060864K
  class space    used 1549K, capacity 1613K, committed 1664K, reserved 1048576K
}
Event: 19.097 GC heap before
{Heap before GC invocations=4 (full 0):
 PSYoungGen      total 305664K, used 305636K [0x000000066ab00000, 0x0000000690000000, 0x00000007c0000000)
  eden space 262144K, 100% used [0x000000066ab00000,0x000000067ab00000,0x000000067ab00000)
  from space 43520K, 99% used [0x000000067ab00000,0x000000067d579310,0x000000067d580000)
  to   space 43520K, 0% used [0x000000068d580000,0x000000068d580000,0x0000000690000000)
 ParOldGen       total 699392K, used 199961K [0x00000003c0000000, 0x00000003eab00000, 0x000000066ab00000)
  object space 699392K, 28% used [0x00000003c0000000,0x00000003cc346598,0x00000003eab00000)
 Metaspace       used 12700K, capacity 12912K, committed 13184K, reserved 1060864K
  class space    used 1549K, capacity 1613K, committed 1664K, reserved 1048576K
Event: 19.265 GC heap after
Heap after GC invocations=4 (full 0):
 PSYoungGen      total 567808K, used 43495K [0x000000066ab00000, 0x0000000690000000, 0x00000007c0000000)
  eden space 524288K, 0% used [0x000000066ab00000,0x000000066ab00000,0x000000068ab00000)
  from space 43520K, 99% used [0x000000068d580000,0x000000068fff9c70,0x0000000690000000)
  to   space 43520K, 0% used [0x000000068ab00000,0x000000068ab00000,0x000000068d580000)
 ParOldGen       total 699392K, used 308001K [0x00000003c0000000, 0x00000003eab00000, 0x000000066ab00000)
  object space 699392K, 44% used [0x00000003c0000000,0x00000003d2cc8598,0x00000003eab00000)
 Metaspace       used 12700K, capacity 12912K, committed 13184K, reserved 1060864K
  class space    used 1549K, capacity 1613K, committed 1664K, reserved 1048576K
}
Event: 19.867 GC heap before
{Heap before GC invocations=5 (full 0):
 PSYoungGen      total 567808K, used 567783K [0x000000066ab00000, 0x0000000690000000, 0x00000007c0000000)
  eden space 524288K, 100% used [0x000000066ab00000,0x000000068ab00000,0x000000068ab00000)
  from space 43520K, 99% used [0x000000068d580000,0x000000068fff9c70,0x0000000690000000)
  to   space 43520K, 0% used [0x000000068ab00000,0x000000068ab00000,0x000000068d580000)
 ParOldGen       total 699392K, used 308001K [0x00000003c0000000, 0x00000003eab00000, 0x000000066ab00000)
  object space 699392K, 44% used [0x00000003c0000000,0x00000003d2cc8598,0x00000003eab00000)
 Metaspace       used 12700K, capacity 12912K, committed 13184K, reserved 1060864K
  class space    used 1549K, capacity 1613K, committed 1664K, reserved 1048576K
Event: 20.110 GC heap after
Heap after GC invocations=5 (full 0):
 PSYoungGen      total 567808K, used 43488K [0x000000066ab00000, 0x00000006c6f00000, 0x00000007c0000000)
  eden space 524288K, 0% used [0x000000066ab00000,0x000000066ab00000,0x000000068ab00000)
  from space 43520K, 99% used [0x000000068ab00000,0x000000068d578020,0x000000068d580000)
  to   space 231424K, 0% used [0x00000006b8d00000,0x00000006b8d00000,0x00000006c6f00000)
 ParOldGen       total 699392K, used 476068K [0x00000003c0000000, 0x00000003eab00000, 0x000000066ab00000)
  object space 699392K, 68% used [0x00000003c0000000,0x00000003dd0e9020,0x00000003eab00000)
 Metaspace       used 12700K, capacity 12912K, committed 13184K, reserved 1060864K
  class space    used 1549K, capacity 1613K, committed 1664K, reserved 1048576K
}

