# JRE version: Java(TM) SE Runtime Environment (8.0_111-b14) (build 1.8.0_111-b14)
# Java VM: Java HotSpot(TM) 64-Bit Server VM (25.111-b14 mixed mode bsd-amd64 compressed oops)
Heap:
 PSYoungGen      total 1092096K, used 505878K [0x000000066ab00000, 0x00000006b0000000, 0x00000007c0000000)
  eden space 1048576K, 44% used [0x000000066ab00000,0x0000000686e89838,0x00000006aab00000)
  from space 43520K, 99% used [0x00000006ad580000,0x00000006afffc010,0x00000006b0000000)
  to   space 43520K, 0% used [0x00000006aab00000,0x00000006aab00000,0x00000006ad580000)
 ParOldGen       total 699392K, used 462926K [0x00000003c0000000, 0x00000003eab00000, 0x000000066ab00000)
  object space 699392K, 66% used [0x00000003c0000000,0x00000003dc413b78,0x00000003eab00000)
 Metaspace       used 12641K, capacity 12848K, committed 13184K, reserved 1060864K
  class space    used 1542K, capacity 1613K, committed 1664K, reserved 1048576K
GC Heap History (8 events):
Event: 3.152 GC heap before
{Heap before GC invocations=1 (full 0):
 PSYoungGen      total 305664K, used 262144K [0x000000066ab00000, 0x0000000680000000, 0x00000007c0000000)
  eden space 262144K, 100% used [0x000000066ab00000,0x000000067ab00000,0x000000067ab00000)
  from space 43520K, 0% used [0x000000067d580000,0x000000067d580000,0x0000000680000000)
  to   space 43520K, 0% used [0x000000067ab00000,0x000000067ab00000,0x000000067d580000)
 ParOldGen       total 699392K, used 0K [0x00000003c0000000, 0x00000003eab00000, 0x000000066ab00000)
  object space 699392K, 0% used [0x00000003c0000000,0x00000003c0000000,0x00000003eab00000)
 Metaspace       used 12630K, capacity 12848K, committed 13184K, reserved 1060864K
  class space    used 1542K, capacity 1613K, committed 1664K, reserved 1048576K
Event: 3.211 GC heap after
Heap after GC invocations=1 (full 0):
 PSYoungGen      total 305664K, used 43506K [0x000000066ab00000, 0x0000000690000000, 0x00000007c0000000)
  eden space 262144K, 0% used [0x000000066ab00000,0x000000066ab00000,0x000000067ab00000)
  from space 43520K, 99% used [0x000000067ab00000,0x000000067d57c828,0x000000067d580000)
  to   space 43520K, 0% used [0x000000068d580000,0x000000068d580000,0x0000000690000000)
 ParOldGen       total 699392K, used 30716K [0x00000003c0000000, 0x00000003eab00000, 0x000000066ab00000)
  object space 699392K, 4% used [0x00000003c0000000,0x00000003c1dff0f0,0x00000003eab00000)
 Metaspace       used 12630K, capacity 12848K, committed 13184K, reserved 1060864K
  class space    used 1542K, capacity 1613K, committed 1664K, reserved 1048576K
}
Event: 3.443 GC heap before
{Heap before GC invocations=2 (full 0):
 PSYoungGen      total 305664K, used 305650K [0x000000066ab00000, 0x0000000690000000, 0x00000007c0000000)
  eden space 262144K, 100% used [0x000000066ab00000,0x000000067ab00000,0x000000067ab00000)
  from space 43520K, 99% used [0x000000067ab00000,0x000000067d57c828,0x000000067d580000)
  to   space 43520K, 0% used [0x000000068d580000,0x000000068d580000,0x0000000690000000)
 ParOldGen       total 699392K, used 30716K [0x00000003c0000000, 0x00000003eab00000, 0x000000066ab00000)
  object space 699392K, 4% used [0x00000003c0000000,0x00000003c1dff0f0,0x00000003eab00000)
 Metaspace       used 12640K, capacity 12848K, committed 13184K, reserved 1060864K
  class space    used 1542K, capacity 1613K, committed 1664K, reserved 1048576K
Event: 3.565 GC heap after
Heap after GC invocations=2 (full 0):
 PSYoungGen      total 567808K, used 43496K [0x000000066ab00000, 0x0000000690000000, 0x00000007c0000000)
  eden space 524288K, 0% used [0x000000066ab00000,0x000000066ab00000,0x000000068ab00000)
  from space 43520K, 99% used [0x000000068d580000,0x000000068fffa210,0x0000000690000000)
  to   space 43520K, 0% used [0x000000068ab00000,0x000000068ab00000,0x000000068d580000)
 ParOldGen       total 699392K, used 134236K [0x00000003c0000000, 0x00000003eab00000, 0x000000066ab00000)
  object space 699392K, 19% used [0x00000003c0000000,0x00000003c83170f0,0x00000003eab00000)
 Metaspace       used 12640K, capacity 12848K, committed 13184K, reserved 1060864K
  class space    used 1542K, capacity 1613K, committed 1664K, reserved 1048576K
}
Event: 4.222 GC heap before
{Heap before GC invocations=3 (full 0):
 PSYoungGen      total 567808K, used 567784K [0x000000066ab00000, 0x0000000690000000, 0x00000007c0000000)
  eden space 524288K, 100% used [0x000000066ab00000,0x000000068ab00000,0x000000068ab00000)
  from space 43520K, 99% used [0x000000068d580000,0x000000068fffa210,0x0000000690000000)
  to   space 43520K, 0% used [0x000000068ab00000,0x000000068ab00000,0x000000068d580000)
 ParOldGen       total 699392K, used 134236K [0x00000003c0000000, 0x00000003eab00000, 0x000000066ab00000)
  object space 699392K, 19% used [0x00000003c0000000,0x00000003c83170f0,0x00000003eab00000)
 Metaspace       used 12640K, capacity 12848K, committed 13184K, reserved 1060864K
  class space    used 1542K, capacity 1613K, committed 1664K, reserved 1048576K
Event: 4.434 GC heap after
Heap after GC invocations=3 (full 0):
 PSYoungGen      total 567808K, used 43495K [0x000000066ab00000, 0x00000006b0000000, 0x00000007c0000000)
  eden space 524288K, 0% used [0x000000066ab00000,0x000000066ab00000,0x000000068ab00000)
  from space 43520K, 99% used [0x000000068ab00000,0x000000068d579c70,0x000000068d580000)
  to   space 43520K, 0% used [0x00000006ad580000,0x00000006ad580000,0x00000006b0000000)
 ParOldGen       total 699392K, used 286572K [0x00000003c0000000, 0x00000003eab00000, 0x000000066ab00000)
  object space 699392K, 40% used [0x00000003c0000000,0x00000003d17db0f0,0x00000003eab00000)
 Metaspace       used 12640K, capacity 12848K, committed 13184K, reserved 1060864K
  class space    used 1542K, capacity 1613K, committed 1664K, reserved 1048576K
}
Event: 4.918 GC heap before
{Heap before GC invocations=4 (full 0):
 PSYoungGen      total 567808K, used 567783K [0x000000066ab00000, 0x00000006b0000000, 0x00000007c0000000)
  eden space 524288K, 100% used [0x000000066ab00000,0x000000068ab00000,0x000000068ab00000)
  from space 43520K, 99% used [0x000000068ab00000,0x000000068d579c70,0x000000068d580000)
  to   space 43520K, 0% used [0x00000006ad580000,0x00000006ad580000,0x00000006b0000000)
 ParOldGen       total 699392K, used 286572K [0x00000003c0000000, 0x00000003eab00000, 0x000000066ab00000)
  object space 699392K, 40% used [0x00000003c0000000,0x00000003d17db0f0,0x00000003eab00000)
 Metaspace       used 12640K, capacity 12848K, committed 13184K, reserved 1060864K
  class space    used 1542K, capacity 1613K, committed 1664K, reserved 1048576K
Event: 5.185 GC heap after
Heap after GC invocations=4 (full 0):
 PSYoungGen      total 1092096K, used 43504K [0x000000066ab00000, 0x00000006b0000000, 0x00000007c0000000)
  eden space 1048576K, 0% used [0x000000066ab00000,0x000000066ab00000,0x00000006aab00000)
  from space 43520K, 99% used [0x00000006ad580000,0x00000006afffc010,0x00000006b0000000)
  to   space 43520K, 0% used [0x00000006aab00000,0x00000006aab00000,0x00000006ad580000)
 ParOldGen       total 699392K, used 462926K [0x00000003c0000000, 0x00000003eab00000, 0x000000066ab00000)
  object space 699392K, 66% used [0x00000003c0000000,0x00000003dc413b78,0x00000003eab00000)
 Metaspace       used 12640K, capacity 12848K, committed 13184K, reserved 1060864K
  class space    used 1542K, capacity 1613K, committed 1664K, reserved 1048576K
}

