# JRE version: Java(TM) SE Runtime Environment (8.0_111-b14) (build 1.8.0_111-b14)
# Java VM: Java HotSpot(TM) 64-Bit Server VM (25.111-b14 mixed mode bsd-amd64 compressed oops)
Heap:
 PSYoungGen      total 567808K, used 312082K [0x000000066ab00000, 0x0000000690000000, 0x00000007c0000000)
  eden space 524288K, 51% used [0x000000066ab00000,0x000000067b148020,0x000000068ab00000)
  from space 43520K, 99% used [0x000000068d580000,0x000000068fffc808,0x0000000690000000)
  to   space 43520K, 0% used [0x000000068ab00000,0x000000068ab00000,0x000000068d580000)
 ParOldGen       total 699392K, used 205642K [0x00000003c0000000, 0x00000003eab00000, 0x000000066ab00000)
  object space 699392K, 29% used [0x00000003c0000000,0x00000003cc8d29e8,0x00000003eab00000)
 Metaspace       used 15167K, capacity 15402K, committed 15744K, reserved 1062912K
  class space    used 1819K, capacity 1897K, committed 1920K, reserved 1048576K
GC Heap History (8 events):
Event: 7.847 GC heap before
{Heap before GC invocations=1 (full 0):
 PSYoungGen      total 305664K, used 262144K [0x000000066ab00000, 0x0000000680000000, 0x00000007c0000000)
  eden space 262144K, 100% used [0x000000066ab00000,0x000000067ab00000,0x000000067ab00000)
  from space 43520K, 0% used [0x000000067d580000,0x000000067d580000,0x0000000680000000)
  to   space 43520K, 0% used [0x000000067ab00000,0x000000067ab00000,0x000000067d580000)
 ParOldGen       total 699392K, used 0K [0x00000003c0000000, 0x00000003eab00000, 0x000000066ab00000)
  object space 699392K, 0% used [0x00000003c0000000,0x00000003c0000000,0x00000003eab00000)
 Metaspace       used 15157K, capacity 15402K, committed 15744K, reserved 1062912K
  class space    used 1819K, capacity 1897K, committed 1920K, reserved 1048576K
Event: 7.884 GC heap after
Heap after GC invocations=1 (full 0):
 PSYoungGen      total 305664K, used 43502K [0x000000066ab00000, 0x0000000680000000, 0x00000007c0000000)
  eden space 262144K, 0% used [0x000000066ab00000,0x000000066ab00000,0x000000067ab00000)
  from space 43520K, 99% used [0x000000067ab00000,0x000000067d57bb68,0x000000067d580000)
  to   space 43520K, 0% used [0x000000067d580000,0x000000067d580000,0x0000000680000000)
 ParOldGen       total 699392K, used 17498K [0x00000003c0000000, 0x00000003eab00000, 0x000000066ab00000)
  object space 699392K, 2% used [0x00000003c0000000,0x00000003c11169e8,0x00000003eab00000)
 Metaspace       used 15157K, capacity 15402K, committed 15744K, reserved 1062912K
  class space    used 1819K, capacity 1897K, committed 1920K, reserved 1048576K
}
Event: 8.337 GC heap before
{Heap before GC invocations=2 (full 0):
 PSYoungGen      total 305664K, used 305646K [0x000000066ab00000, 0x0000000680000000, 0x00000007c0000000)
  eden space 262144K, 100% used [0x000000066ab00000,0x000000067ab00000,0x000000067ab00000)
  from space 43520K, 99% used [0x000000067ab00000,0x000000067d57bb68,0x000000067d580000)
  to   space 43520K, 0% used [0x000000067d580000,0x000000067d580000,0x0000000680000000)
 ParOldGen       total 699392K, used 17498K [0x00000003c0000000, 0x00000003eab00000, 0x000000066ab00000)
  object space 699392K, 2% used [0x00000003c0000000,0x00000003c11169e8,0x00000003eab00000)
 Metaspace       used 15165K, capacity 15402K, committed 15744K, reserved 1062912K
  class space    used 1819K, capacity 1897K, committed 1920K, reserved 1048576K
Event: 8.400 GC heap after
Heap after GC invocations=2 (full 0):
 PSYoungGen      total 305664K, used 43501K [0x000000066ab00000, 0x0000000690000000, 0x00000007c0000000)
  eden space 262144K, 0% used [0x000000066ab00000,0x000000066ab00000,0x000000067ab00000)
  from space 43520K, 99% used [0x000000067d580000,0x000000067fffb578,0x0000000680000000)
  to   space 43520K, 0% used [0x000000067ab00000,0x000000067ab00000,0x000000067d580000)
 ParOldGen       total 699392K, used 83186K [0x00000003c0000000, 0x00000003eab00000, 0x000000066ab00000)
  object space 699392K, 11% used [0x00000003c0000000,0x00000003c513c9e8,0x00000003eab00000)
 Metaspace       used 15165K, capacity 15402K, committed 15744K, reserved 1062912K
  class space    used 1819K, capacity 1897K, committed 1920K, reserved 1048576K
}
Event: 8.860 GC heap before
{Heap before GC invocations=3 (full 0):
 PSYoungGen      total 305664K, used 305645K [0x000000066ab00000, 0x0000000690000000, 0x00000007c0000000)
  eden space 262144K, 100% used [0x000000066ab00000,0x000000067ab00000,0x000000067ab00000)
  from space 43520K, 99% used [0x000000067d580000,0x000000067fffb578,0x0000000680000000)
  to   space 43520K, 0% used [0x000000067ab00000,0x000000067ab00000,0x000000067d580000)
 ParOldGen       total 699392K, used 83186K [0x00000003c0000000, 0x00000003eab00000, 0x000000066ab00000)
  object space 699392K, 11% used [0x00000003c0000000,0x00000003c513c9e8,0x00000003eab00000)
 Metaspace       used 15167K, capacity 15402K, committed 15744K, reserved 1062912K
  class space    used 1819K, capacity 1897K, committed 1920K, reserved 1048576K
Event: 8.920 GC heap after
Heap after GC invocations=3 (full 0):
 PSYoungGen      total 305664K, used 43500K [0x000000066ab00000, 0x0000000690000000, 0x00000007c0000000)
  eden space 262144K, 0% used [0x000000066ab00000,0x000000066ab00000,0x000000067ab00000)
  from space 43520K, 99% used [0x000000067ab00000,0x000000067d57b010,0x000000067d580000)
  to   space 43520K, 0% used [0x000000068d580000,0x000000068d580000,0x0000000690000000)
 ParOldGen       total 699392K, used 150154K [0x00000003c0000000, 0x00000003eab00000, 0x000000066ab00000)
  object space 699392K, 21% used [0x00000003c0000000,0x00000003c92a29e8,0x00000003eab00000)
 Metaspace       used 15167K, capacity 15402K, committed 15744K, reserved 1062912K
  class space    used 1819K, capacity 1897K, committed 1920K, reserved 1048576K
}
Event: 9.380 GC heap before
{Heap before GC invocations=4 (full 0):
 PSYoungGen      total 305664K, used 305644K [0x000000066ab00000, 0x0000000690000000, 0x00000007c0000000)
  eden space 262144K, 100% used [0x000000066ab00000,0x000000067ab00000,0x000000067ab00000)
  from space 43520K, 99% used [0x000000067ab00000,0x000000067d57b010,0x000000067d580000)
  to   space 43520K, 0% used [0x000000068d580000,0x000000068d580000,0x0000000690000000)
 ParOldGen       total 699392K, used 150154K [0x00000003c0000000, 0x00000003eab00000, 0x000000066ab00000)
  object space 699392K, 21% used [0x00000003c0000000,0x00000003c92a29e8,0x00000003eab00000)
 Metaspace       used 15167K, capacity 15402K, committed 15744K, reserved 1062912K
  class space    used 1819K, capacity 1897K, committed 1920K, reserved 1048576K
Event: 9.456 GC heap after
Heap after GC invocations=4 (full 0):
 PSYoungGen      total 567808K, used 43506K [0x000000066ab00000, 0x0000000690000000, 0x00000007c0000000)
  eden space 524288K, 0% used [0x000000066ab00000,0x000000066ab00000,0x000000068ab00000)
  from space 43520K, 99% used [0x000000068d580000,0x000000068fffc808,0x0000000690000000)
  to   space 43520K, 0% used [0x000000068ab00000,0x000000068ab00000,0x000000068d580000)
 ParOldGen       total 699392K, used 205642K [0x00000003c0000000, 0x00000003eab00000, 0x000000066ab00000)
  object space 699392K, 29% used [0x00000003c0000000,0x00000003cc8d29e8,0x00000003eab00000)
 Metaspace       used 15167K, capacity 15402K, committed 15744K, reserved 1062912K
  class space    used 1819K, capacity 1897K, committed 1920K, reserved 1048576K
}

