# JRE version: Java(TM) SE Runtime Environment (8.0_111-b14) (build 1.8.0_111-b14)
# Java VM: Java HotSpot(TM) 64-Bit Server VM (25.111-b14 mixed mode bsd-amd64 compressed oops)
Heap:
 PSYoungGen      total 567808K, used 301444K [0x000000066ab00000, 0x00000006b0000000, 0x00000007c0000000)
  eden space 524288K, 49% used [0x000000066ab00000,0x000000067a6e8af8,0x000000068ab00000)
  from space 43520K, 99% used [0x000000068ab00000,0x000000068d578818,0x000000068d580000)
  to   space 43520K, 0% used [0x00000006ad580000,0x00000006ad580000,0x00000006b0000000)
 ParOldGen       total 699392K, used 220867K [0x00000003c0000000, 0x00000003eab00000, 0x000000066ab00000)
  object space 699392K, 31% used [0x00000003c0000000,0x00000003cd7b0c08,0x00000003eab00000)
 Metaspace       used 12639K, capacity 12832K, committed 12928K, reserved 1060864K
  class space    used 1539K, capacity 1613K, committed 1664K, reserved 1048576K
GC Heap History (6 events):
Event: 3.670 GC heap before
{Heap before GC invocations=1 (full 0):
 PSYoungGen      total 305664K, used 262144K [0x000000066ab00000, 0x0000000680000000, 0x00000007c0000000)
  eden space 262144K, 100% used [0x000000066ab00000,0x000000067ab00000,0x000000067ab00000)
  from space 43520K, 0% used [0x000000067d580000,0x000000067d580000,0x0000000680000000)
  to   space 43520K, 0% used [0x000000067ab00000,0x000000067ab00000,0x000000067d580000)
 ParOldGen       total 699392K, used 0K [0x00000003c0000000, 0x00000003eab00000, 0x000000066ab00000)
  object space 699392K, 0% used [0x00000003c0000000,0x00000003c0000000,0x00000003eab00000)
 Metaspace       used 12629K, capacity 12832K, committed 12928K, reserved 1060864K
  class space    used 1539K, capacity 1613K, committed 1664K, reserved 1048576K
Event: 3.719 GC heap after
Heap after GC invocations=1 (full 0):
 PSYoungGen      total 305664K, used 43518K [0x000000066ab00000, 0x0000000690000000, 0x00000007c0000000)
  eden space 262144K, 0% used [0x000000066ab00000,0x000000066ab00000,0x000000067ab00000)
  from space 43520K, 99% used [0x000000067ab00000,0x000000067d57f918,0x000000067d580000)
  to   space 43520K, 0% used [0x000000068d580000,0x000000068d580000,0x0000000690000000)
 ParOldGen       total 699392K, used 38219K [0x00000003c0000000, 0x00000003eab00000, 0x000000066ab00000)
  object space 699392K, 5% used [0x00000003c0000000,0x00000003c2552c08,0x00000003eab00000)
 Metaspace       used 12629K, capacity 12832K, committed 12928K, reserved 1060864K
  class space    used 1539K, capacity 1613K, committed 1664K, reserved 1048576K
}
Event: 3.894 GC heap before
{Heap before GC invocations=2 (full 0):
 PSYoungGen      total 305664K, used 305662K [0x000000066ab00000, 0x0000000690000000, 0x00000007c0000000)
  eden space 262144K, 100% used [0x000000066ab00000,0x000000067ab00000,0x000000067ab00000)
  from space 43520K, 99% used [0x000000067ab00000,0x000000067d57f918,0x000000067d580000)
  to   space 43520K, 0% used [0x000000068d580000,0x000000068d580000,0x0000000690000000)
 ParOldGen       total 699392K, used 38219K [0x00000003c0000000, 0x00000003eab00000, 0x000000066ab00000)
  object space 699392K, 5% used [0x00000003c0000000,0x00000003c2552c08,0x00000003eab00000)
 Metaspace       used 12637K, capacity 12832K, committed 12928K, reserved 1060864K
  class space    used 1539K, capacity 1613K, committed 1664K, reserved 1048576K
Event: 3.942 GC heap after
Heap after GC invocations=2 (full 0):
 PSYoungGen      total 567808K, used 43501K [0x000000066ab00000, 0x0000000690000000, 0x00000007c0000000)
  eden space 524288K, 0% used [0x000000066ab00000,0x000000066ab00000,0x000000068ab00000)
  from space 43520K, 99% used [0x000000068d580000,0x000000068fffb578,0x0000000690000000)
  to   space 43520K, 0% used [0x000000068ab00000,0x000000068ab00000,0x000000068d580000)
 ParOldGen       total 699392K, used 71307K [0x00000003c0000000, 0x00000003eab00000, 0x000000066ab00000)
  object space 699392K, 10% used [0x00000003c0000000,0x00000003c45a2c08,0x00000003eab00000)
 Metaspace       used 12637K, capacity 12832K, committed 12928K, reserved 1060864K
  class space    used 1539K, capacity 1613K, committed 1664K, reserved 1048576K
}
Event: 4.389 GC heap before
{Heap before GC invocations=3 (full 0):
 PSYoungGen      total 567808K, used 567789K [0x000000066ab00000, 0x0000000690000000, 0x00000007c0000000)
  eden space 524288K, 100% used [0x000000066ab00000,0x000000068ab00000,0x000000068ab00000)
  from space 43520K, 99% used [0x000000068d580000,0x000000068fffb578,0x0000000690000000)
  to   space 43520K, 0% used [0x000000068ab00000,0x000000068ab00000,0x000000068d580000)
 ParOldGen       total 699392K, used 71307K [0x00000003c0000000, 0x00000003eab00000, 0x000000066ab00000)
  object space 699392K, 10% used [0x00000003c0000000,0x00000003c45a2c08,0x00000003eab00000)
 Metaspace       used 12637K, capacity 12832K, committed 12928K, reserved 1060864K
  class space    used 1539K, capacity 1613K, committed 1664K, reserved 1048576K
Event: 4.506 GC heap after
Heap after GC invocations=3 (full 0):
 PSYoungGen      total 567808K, used 43490K [0x000000066ab00000, 0x00000006b0000000, 0x00000007c0000000)
  eden space 524288K, 0% used [0x000000066ab00000,0x000000066ab00000,0x000000068ab00000)
  from space 43520K, 99% used [0x000000068ab00000,0x000000068d578818,0x000000068d580000)
  to   space 43520K, 0% used [0x00000006ad580000,0x00000006ad580000,0x00000006b0000000)
 ParOldGen       total 699392K, used 220867K [0x00000003c0000000, 0x00000003eab00000, 0x000000066ab00000)
  object space 699392K, 31% used [0x00000003c0000000,0x00000003cd7b0c08,0x00000003eab00000)
 Metaspace       used 12637K, capacity 12832K, committed 12928K, reserved 1060864K
  class space    used 1539K, capacity 1613K, committed 1664K, reserved 1048576K
}

